Added Component: Designator=J1(SIP3)
Added Component: Designator=J2(SIP2)
Added Component: Designator=J3(SIP2)
Added Component: Designator=J4(SIP2)
Added Component: Designator=J5(SIP3)
Added Component: Designator=J?(SIP3)
Added Component: Designator=J?(SIP3)
Added Component: Designator=R1(0805)
Added Component: Designator=R2(0805)
Added Component: Designator=R3(0805)
Added Component: Designator=R4(0805)
Added Component: Designator=R5(0805)
Added Component: Designator=R6(0805)
Added Component: Designator=R7(0805)
Added Component: Designator=R8(0805)
Added Component: Designator=R9(0805)
Added Component: Designator=R10(PRESET V)
Added Component: Designator=U1(646-06)
Added Pin To Net: NetName=+VCC Pin=J1-1
Added Pin To Net: NetName=+VCC Pin=U1-4
Added Net: Name=+VCC
Added Pin To Net: NetName=-VCC Pin=J1-3
Added Pin To Net: NetName=-VCC Pin=U1-11
Added Net: Name=-VCC
Added Pin To Net: NetName=GND Pin=J1-2
Added Pin To Net: NetName=GND Pin=J2-2
Added Pin To Net: NetName=GND Pin=J3-2
Added Pin To Net: NetName=GND Pin=J4-2
Added Pin To Net: NetName=GND Pin=J?-2
Added Pin To Net: NetName=GND Pin=U1-2
Added Net: Name=GND
Added Pin To Net: NetName=NetJ5_1 Pin=J5-1
Added Pin To Net: NetName=NetJ5_1 Pin=R5-1
Added Net: Name=NetJ5_1
Added Pin To Net: NetName=NetJ5_3 Pin=J5-3
Added Pin To Net: NetName=NetJ5_3 Pin=R10-1
Added Net: Name=NetJ5_3
Added Pin To Net: NetName=NetJ?_3 Pin=J?-3
Added Pin To Net: NetName=NetJ?_3 Pin=U1-1
Added Net: Name=NetJ?_3
Added Pin To Net: NetName=NetR1_1 Pin=R1-1
Added Pin To Net: NetName=NetR1_1 Pin=R3-2
Added Pin To Net: NetName=NetR1_1 Pin=U1-7
Added Net: Name=NetR1_1
Added Pin To Net: NetName=NetR1_2 Pin=R1-2
Added Pin To Net: NetName=NetR1_2 Pin=R2-1
Added Pin To Net: NetName=NetR1_2 Pin=U1-13
Added Net: Name=NetR1_2
Added Pin To Net: NetName=NetR3_1 Pin=R3-1
Added Pin To Net: NetName=NetR3_1 Pin=R4-2
Added Pin To Net: NetName=NetR3_1 Pin=U1-6
Added Net: Name=NetR3_1
Added Pin To Net: NetName=NetR4_1 Pin=R4-1
Added Pin To Net: NetName=NetR4_1 Pin=R5-2
Added Pin To Net: NetName=NetR4_1 Pin=R6-2
Added Pin To Net: NetName=NetR4_1 Pin=R10-3
Added Net: Name=NetR4_1
Added Pin To Net: NetName=NetR6_1 Pin=R6-1
Added Pin To Net: NetName=NetR6_1 Pin=R7-2
Added Pin To Net: NetName=NetR6_1 Pin=U1-9
Added Net: Name=NetR6_1
Added Pin To Net: NetName=NetR7_1 Pin=R7-1
Added Pin To Net: NetName=NetR7_1 Pin=R8-1
Added Pin To Net: NetName=NetR7_1 Pin=U1-8
Added Net: Name=NetR7_1
Added Pin To Net: NetName=NetR8_2 Pin=R8-2
Added Pin To Net: NetName=NetR8_2 Pin=R9-1
Added Pin To Net: NetName=NetR8_2 Pin=U1-12
Added Net: Name=NetR8_2
Added Pin To Net: NetName=OUT Pin=J4-1
Added Pin To Net: NetName=OUT Pin=R2-2
Added Pin To Net: NetName=OUT Pin=U1-14
Added Net: Name=OUT
Added Pin To Net: NetName=V1 Pin=J2-1
Added Pin To Net: NetName=V1 Pin=U1-5
Added Net: Name=V1
Added Pin To Net: NetName=V2 Pin=J3-1
Added Pin To Net: NetName=V2 Pin=U1-10
Added Net: Name=V2
Added Pin To Net: NetName=VFEED Pin=J5-2
Added Pin To Net: NetName=VFEED Pin=J?-2
Added Net: Name=VFEED
