Removed Pin From Net: NetName=NetR1_1 Pin=U1-1
Removed Pin From Net: NetName=NetR3_1 Pin=U1-2
Removed Pin From Net: NetName=V1 Pin=U1-3
Removed Pin From Net: NetName=NetR8_2 Pin=U1-5
Removed Pin From Net: NetName=NetR1_2 Pin=U1-6
Removed Pin From Net: NetName=OUT Pin=U1-7
Removed Pin From Net: NetName=NetJ7_2 Pin=U1-8
Removed Pin From Net: NetName=GND Pin=U1-9
Removed Pin From Net: NetName=NetJ6_3 Pin=U1-10
Removed Pin From Net: NetName=V2 Pin=U1-12
Removed Pin From Net: NetName=NetR6_1 Pin=U1-13
Removed Pin From Net: NetName=NetR7_1 Pin=U1-14
Added Pin To Net: NetName=NetJ7_2 Pin=U1-1
Added Pin To Net: NetName=GND Pin=U1-2
Added Pin To Net: NetName=NetJ6_3 Pin=U1-3
Added Pin To Net: NetName=V2 Pin=U1-5
Added Pin To Net: NetName=NetR6_1 Pin=U1-6
Added Pin To Net: NetName=NetR7_1 Pin=U1-7
Added Pin To Net: NetName=NetR1_1 Pin=U1-8
Added Pin To Net: NetName=NetR3_1 Pin=U1-9
Added Pin To Net: NetName=V1 Pin=U1-10
Added Pin To Net: NetName=NetR8_2 Pin=U1-12
Added Pin To Net: NetName=NetR1_2 Pin=U1-13
Added Pin To Net: NetName=OUT Pin=U1-14
