Added Component: Designator=C1(CAP200)
Added Member To Class: ClassName=placa1 Member=Component C1 CAP
Added Member To Class: ClassName=placa1 Member=Component J1 CON3
Added Member To Class: ClassName=placa1 Member=Component J2 CON2
Added Member To Class: ClassName=placa1 Member=Component J3 CON2
Added Member To Class: ClassName=placa1 Member=Component J4 CON2
Added Member To Class: ClassName=placa1 Member=Component J5 CON3
Added Member To Class: ClassName=placa1 Member=Component J6 CON3
Added Member To Class: ClassName=placa1 Member=Component J7 CON3
Added Member To Class: ClassName=placa1 Member=Component R1 RES
Added Member To Class: ClassName=placa1 Member=Component R2 RES
Added Member To Class: ClassName=placa1 Member=Component R3 RES
Added Member To Class: ClassName=placa1 Member=Component R4 RES
Added Member To Class: ClassName=placa1 Member=Component R5 RES
Added Member To Class: ClassName=placa1 Member=Component R6 RES
Added Member To Class: ClassName=placa1 Member=Component R7 RES
Added Member To Class: ClassName=placa1 Member=Component R8 RES
Added Member To Class: ClassName=placa1 Member=Component R9 RES
Added Member To Class: ClassName=placa1 Member=Component R10 PRESET
Added Member To Class: ClassName=placa1 Member=Component U1 TL084ACN
