Added Component: Designator=C1A(CAP200)
Added Component: Designator=C1B(CAP200)
Added Component: Designator=C1C(CAP200)
Added Component: Designator=C1D(CAP200)
Added Component: Designator=C1E(CAP200)
Added Component: Designator=C1F(CAP200)
Added Component: Designator=C1(CAP200)
Added Component: Designator=C2A(CAP200)
Added Component: Designator=C2B(CAP200)
Added Component: Designator=C2C(CAP200)
Added Component: Designator=C2D(CAP200)
Added Component: Designator=C2E(CAP200)
Added Component: Designator=C2F(CAP200)
Added Component: Designator=C2(CAP200)
Added Component: Designator=C3(CAP200)
Added Component: Designator=C4(CAP200)
Added Component: Designator=C5(CAP200)
Added Component: Designator=C6(CAP200)
Added Component: Designator=C7(CAP200)
Added Component: Designator=C8(CAP200)
Added Component: Designator=J1(MOLEX2)
Added Component: Designator=J2(MOLEX2)
Added Component: Designator=J3(MOLEX3)
Added Component: Designator=J4(SIP2)
Added Component: Designator=J5(SIP2)
Added Component: Designator=J6(SIP2)
Added Component: Designator=JA-CON(JUMPER2)
Added Component: Designator=JA(SIP4)
Added Component: Designator=JB-CON(JUMPER2)
Added Component: Designator=JB(SIP4)
Added Component: Designator=JC-CON(JUMPER2)
Added Component: Designator=JC(SIP4)
Added Component: Designator=JD-CON(JUMPER2)
Added Component: Designator=JD(SIP4)
Added Component: Designator=JE-CON(JUMPER2)
Added Component: Designator=JE(SIP4)
Added Component: Designator=JF(SIP4)
Added Component: Designator=P4A(PRESET V)
Added Component: Designator=P4B(PRESET V)
Added Component: Designator=PbC(PRESET V)
Added Component: Designator=PGF(PRESET H)
Added Component: Designator=R1A-1(RES300)
Added Component: Designator=R1A-2(RES300)
Added Component: Designator=R1B-1(RES300)
Added Component: Designator=R1B-2(RES300)
Added Component: Designator=R1C-1(RES300)
Added Component: Designator=R1C-2(RES300)
Added Component: Designator=R1D-1(RES300)
Added Component: Designator=R1D-2(RES300)
Added Component: Designator=R1E-1(RES300)
Added Component: Designator=R1E-2(RES300)
Added Component: Designator=R1F-1(RES300)
Added Component: Designator=R1F-2(RES300)
Added Component: Designator=R2A-1(RES300)
Added Component: Designator=R2A-2(RES300)
Added Component: Designator=R2B-1(RES300)
Added Component: Designator=R2B-2(RES300)
Added Component: Designator=R2C-1(RES300)
Added Component: Designator=R2C-2(RES300)
Added Component: Designator=R2D-1(RES300)
Added Component: Designator=R2D-2(RES300)
Added Component: Designator=R2E-1(RES300)
Added Component: Designator=R2E-2(RES300)
Added Component: Designator=R2F-1(RES300)
Added Component: Designator=R2F-2(RES300)
Added Component: Designator=R3A(RES300)
Added Component: Designator=R3B(RES300)
Added Component: Designator=R4A-1(RES300)
Added Component: Designator=R4A-2(RES300)
Added Component: Designator=R4B-1(RES300)
Added Component: Designator=R4B-2(RES300)
Added Component: Designator=R5A(RES300)
Added Component: Designator=R5B(RES300)
Added Component: Designator=R6A(RES300)
Added Component: Designator=R6B(RES300)
Added Component: Designator=RaC(RES300)
Added Component: Designator=RaD(RES300)
Added Component: Designator=RaE(RES300)
Added Component: Designator=RaF(RES300)
Added Component: Designator=RbC-1(RES300)
Added Component: Designator=RbD-1(RES300)
Added Component: Designator=RbD-2(RES300)
Added Component: Designator=RbE-1(RES300)
Added Component: Designator=RbE-2(RES300)
Added Component: Designator=RbF-1(RES300)
Added Component: Designator=RbF-2(RES300)
Added Component: Designator=RGA-1(RES300)
Added Component: Designator=RGA-2(RES300)
Added Component: Designator=RGB-1(RES300)
Added Component: Designator=RGB-2(RES300)
Added Component: Designator=RGC-1(RES300)
Added Component: Designator=RGC-2(RES300)
Added Component: Designator=RGF-1(RES300)
Added Component: Designator=RGF-2(RES300)
Added Component: Designator=U1(646-06)
Added Component: Designator=U2(646-06)
Added Component: Designator=U3(646-06)
Added Component: Designator=U4(646-06)
Added Pin To Net: NetName=GND Pin=C1-2
Added Pin To Net: NetName=GND Pin=C2-2
Added Pin To Net: NetName=GND Pin=C3-2
Added Pin To Net: NetName=GND Pin=C4-2
Added Pin To Net: NetName=GND Pin=C5-2
Added Pin To Net: NetName=GND Pin=C6-2
Added Pin To Net: NetName=GND Pin=C7-2
Added Pin To Net: NetName=GND Pin=C8-2
Added Pin To Net: NetName=GND Pin=J1-1
Added Pin To Net: NetName=GND Pin=J2-2
Added Pin To Net: NetName=GND Pin=J3-2
Added Pin To Net: NetName=GND Pin=JA-1
Added Pin To Net: NetName=GND Pin=JB-4
Added Pin To Net: NetName=GND Pin=JC-4
Added Pin To Net: NetName=GND Pin=JD-4
Added Pin To Net: NetName=GND Pin=JE-4
Added Pin To Net: NetName=GND Pin=JF-4
Added Pin To Net: NetName=GND Pin=R2C-2-1
Added Pin To Net: NetName=GND Pin=R2D-2-1
Added Pin To Net: NetName=GND Pin=R2E-2-1
Added Pin To Net: NetName=GND Pin=R2F-2-1
Added Pin To Net: NetName=GND Pin=RaC-1
Added Pin To Net: NetName=GND Pin=RaD-1
Added Pin To Net: NetName=GND Pin=RaE-1
Added Pin To Net: NetName=GND Pin=RaF-1
Added Pin To Net: NetName=GND Pin=RGA-2-1
Added Pin To Net: NetName=GND Pin=RGB-2-1
Added Pin To Net: NetName=GND Pin=RGC-2-1
Added Pin To Net: NetName=GND Pin=RGF-2-1
Added Pin To Net: NetName=GND Pin=U1-5
Added Pin To Net: NetName=GND Pin=U1-10
Added Pin To Net: NetName=GND Pin=U1-12
Added Pin To Net: NetName=GND Pin=U2-3
Added Pin To Net: NetName=GND Pin=U3-5
Added Pin To Net: NetName=GND Pin=U4-3
Added Net: Name=GND
Added Pin To Net: NetName=KHN1-KHN2 Pin=JA-4
Added Pin To Net: NetName=KHN1-KHN2 Pin=JA-CON-2
Added Pin To Net: NetName=KHN1-KHN2 Pin=U2-6
Added Pin To Net: NetName=KHN1-KHN2 Pin=U2-7
Added Net: Name=KHN1-KHN2
Added Pin To Net: NetName=NetC1A_1 Pin=C1A-1
Added Pin To Net: NetName=NetC1A_1 Pin=R1A-2-2
Added Pin To Net: NetName=NetC1A_1 Pin=U1-6
Added Net: Name=NetC1A_1
Added Pin To Net: NetName=NetC1A_2 Pin=C1A-2
Added Pin To Net: NetName=NetC1A_2 Pin=J4-1
Added Pin To Net: NetName=NetC1A_2 Pin=P4A-2
Added Pin To Net: NetName=NetC1A_2 Pin=P4A-3
Added Pin To Net: NetName=NetC1A_2 Pin=R2A-1-1
Added Pin To Net: NetName=NetC1A_2 Pin=U1-7
Added Net: Name=NetC1A_2
Added Pin To Net: NetName=NetC1B_1 Pin=C1B-1
Added Pin To Net: NetName=NetC1B_1 Pin=R1B-2-2
Added Pin To Net: NetName=NetC1B_1 Pin=U3-6
Added Net: Name=NetC1B_1
Added Pin To Net: NetName=NetC1B_2 Pin=C1B-2
Added Pin To Net: NetName=NetC1B_2 Pin=J5-1
Added Pin To Net: NetName=NetC1B_2 Pin=P4B-2
Added Pin To Net: NetName=NetC1B_2 Pin=P4B-3
Added Pin To Net: NetName=NetC1B_2 Pin=R2B-1-1
Added Pin To Net: NetName=NetC1B_2 Pin=U3-7
Added Net: Name=NetC1B_2
Added Pin To Net: NetName=NetC1C_1 Pin=C1C-1
Added Pin To Net: NetName=NetC1C_1 Pin=JB-CON-1
Added Net: Name=NetC1C_1
Added Pin To Net: NetName=NetC1C_2 Pin=C1C-2
Added Pin To Net: NetName=NetC1C_2 Pin=C2C-1
Added Pin To Net: NetName=NetC1C_2 Pin=R1C-1-1
Added Net: Name=NetC1C_2
Added Pin To Net: NetName=NetC1D_1 Pin=C1D-1
Added Pin To Net: NetName=NetC1D_1 Pin=JC-CON-1
Added Net: Name=NetC1D_1
Added Pin To Net: NetName=NetC1D_2 Pin=C1D-2
Added Pin To Net: NetName=NetC1D_2 Pin=C2D-1
Added Pin To Net: NetName=NetC1D_2 Pin=R1D-1-1
Added Net: Name=NetC1D_2
Added Pin To Net: NetName=NetC1E_1 Pin=C1E-1
Added Pin To Net: NetName=NetC1E_1 Pin=JD-CON-1
Added Net: Name=NetC1E_1
Added Pin To Net: NetName=NetC1E_2 Pin=C1E-2
Added Pin To Net: NetName=NetC1E_2 Pin=C2E-1
Added Pin To Net: NetName=NetC1E_2 Pin=R1E-1-1
Added Net: Name=NetC1E_2
Added Pin To Net: NetName=NetC1F_1 Pin=C1F-1
Added Pin To Net: NetName=NetC1F_1 Pin=JE-CON-1
Added Net: Name=NetC1F_1
Added Pin To Net: NetName=NetC1F_2 Pin=C1F-2
Added Pin To Net: NetName=NetC1F_2 Pin=C2F-1
Added Pin To Net: NetName=NetC1F_2 Pin=R1F-1-1
Added Net: Name=NetC1F_2
Added Pin To Net: NetName=NetC2A_1 Pin=C2A-1
Added Pin To Net: NetName=NetC2A_1 Pin=R2A-2-2
Added Pin To Net: NetName=NetC2A_1 Pin=U2-2
Added Net: Name=NetC2A_1
Added Pin To Net: NetName=NetC2A_2 Pin=C2A-2
Added Pin To Net: NetName=NetC2A_2 Pin=R5A-2
Added Pin To Net: NetName=NetC2A_2 Pin=U2-1
Added Net: Name=NetC2A_2
Added Pin To Net: NetName=NetC2B_1 Pin=C2B-1
Added Pin To Net: NetName=NetC2B_1 Pin=R2B-2-2
Added Pin To Net: NetName=NetC2B_1 Pin=U4-2
Added Net: Name=NetC2B_1
Added Pin To Net: NetName=NetC2B_2 Pin=C2B-2
Added Pin To Net: NetName=NetC2B_2 Pin=R5B-2
Added Pin To Net: NetName=NetC2B_2 Pin=U4-1
Added Net: Name=NetC2B_2
Added Pin To Net: NetName=NetC2C_2 Pin=C2C-2
Added Pin To Net: NetName=NetC2C_2 Pin=R2C-1-2
Added Pin To Net: NetName=NetC2C_2 Pin=U4-10
Added Net: Name=NetC2C_2
Added Pin To Net: NetName=NetC2D_2 Pin=C2D-2
Added Pin To Net: NetName=NetC2D_2 Pin=R2D-1-2
Added Pin To Net: NetName=NetC2D_2 Pin=U3-10
Added Net: Name=NetC2D_2
Added Pin To Net: NetName=NetC2E_2 Pin=C2E-2
Added Pin To Net: NetName=NetC2E_2 Pin=R2E-1-2
Added Pin To Net: NetName=NetC2E_2 Pin=U3-12
Added Net: Name=NetC2E_2
Added Pin To Net: NetName=NetC2F_2 Pin=C2F-2
Added Pin To Net: NetName=NetC2F_2 Pin=R2F-1-2
Added Pin To Net: NetName=NetC2F_2 Pin=U2-10
Added Net: Name=NetC2F_2
Added Pin To Net: NetName=NetJ1_2 Pin=J1-2
Added Pin To Net: NetName=NetJ1_2 Pin=R3A-1
Added Net: Name=NetJ1_2
Added Pin To Net: NetName=NetJ2_1 Pin=J2-1
Added Pin To Net: NetName=NetJ2_1 Pin=JF-1
Added Pin To Net: NetName=NetJ2_1 Pin=U2-13
Added Pin To Net: NetName=NetJ2_1 Pin=U2-14
Added Net: Name=NetJ2_1
Added Pin To Net: NetName=NetJ4_2 Pin=J4-2
Added Pin To Net: NetName=NetJ4_2 Pin=P4A-1
Added Pin To Net: NetName=NetJ4_2 Pin=R4A-2-2
Added Net: Name=NetJ4_2
Added Pin To Net: NetName=NetJ5_2 Pin=J5-2
Added Pin To Net: NetName=NetJ5_2 Pin=P4B-1
Added Pin To Net: NetName=NetJ5_2 Pin=R4B-2-2
Added Net: Name=NetJ5_2
Added Pin To Net: NetName=NetJ6_1 Pin=J6-1
Added Pin To Net: NetName=NetJ6_1 Pin=PbC-3
Added Pin To Net: NetName=NetJ6_1 Pin=R1C-2-2
Added Pin To Net: NetName=NetJ6_1 Pin=RGC-1-1
Added Pin To Net: NetName=NetJ6_1 Pin=U4-8
Added Net: Name=NetJ6_1
Added Pin To Net: NetName=NetJ6_2 Pin=J6-2
Added Pin To Net: NetName=NetJ6_2 Pin=PbC-1
Added Pin To Net: NetName=NetJ6_2 Pin=PbC-2
Added Pin To Net: NetName=NetJ6_2 Pin=RbC-1-1
Added Net: Name=NetJ6_2
Added Pin To Net: NetName=NetJA-CON_1 Pin=JA-CON-1
Added Pin To Net: NetName=NetJA-CON_1 Pin=R3B-2
Added Net: Name=NetJA-CON_1
Added Pin To Net: NetName=NetJB_1 Pin=JB-1
Added Pin To Net: NetName=NetJB_1 Pin=JB-CON-2
Added Pin To Net: NetName=NetJB_1 Pin=U4-6
Added Pin To Net: NetName=NetJB_1 Pin=U4-7
Added Net: Name=NetJB_1
Added Pin To Net: NetName=NetJC_1 Pin=JC-1
Added Pin To Net: NetName=NetJC_1 Pin=JC-CON-2
Added Pin To Net: NetName=NetJC_1 Pin=U4-13
Added Pin To Net: NetName=NetJC_1 Pin=U4-14
Added Net: Name=NetJC_1
Added Pin To Net: NetName=NetJE_1 Pin=JE-1
Added Pin To Net: NetName=NetJE_1 Pin=JE-CON-2
Added Pin To Net: NetName=NetJE_1 Pin=R1E-2-2
Added Pin To Net: NetName=NetJE_1 Pin=RbE-2-2
Added Pin To Net: NetName=NetJE_1 Pin=U3-14
Added Net: Name=NetJE_1
Added Pin To Net: NetName=NetPGF_1 Pin=PGF-1
Added Pin To Net: NetName=NetPGF_1 Pin=PGF-1
Added Pin To Net: NetName=NetPGF_1 Pin=PGF-2
Added Pin To Net: NetName=NetPGF_1 Pin=PGF-2
Added Pin To Net: NetName=NetPGF_1 Pin=RGF-1-1
Added Net: Name=NetPGF_1
Added Pin To Net: NetName=NetPGF_3 Pin=PGF-3
Added Pin To Net: NetName=NetPGF_3 Pin=PGF-3
Added Pin To Net: NetName=NetPGF_3 Pin=RGF-2-2
Added Pin To Net: NetName=NetPGF_3 Pin=U2-12
Added Net: Name=NetPGF_3
Added Pin To Net: NetName=NetR1A-1_2 Pin=R1A-1-2
Added Pin To Net: NetName=NetR1A-1_2 Pin=R1A-2-1
Added Net: Name=NetR1A-1_2
Added Pin To Net: NetName=NetR1B-1_2 Pin=R1B-1-2
Added Pin To Net: NetName=NetR1B-1_2 Pin=R1B-2-1
Added Net: Name=NetR1B-1_2
Added Pin To Net: NetName=NetR1C-1_2 Pin=R1C-1-2
Added Pin To Net: NetName=NetR1C-1_2 Pin=R1C-2-1
Added Net: Name=NetR1C-1_2
Added Pin To Net: NetName=NetR1D-1_2 Pin=R1D-1-2
Added Pin To Net: NetName=NetR1D-1_2 Pin=R1D-2-1
Added Net: Name=NetR1D-1_2
Added Pin To Net: NetName=NetR1E-1_2 Pin=R1E-1-2
Added Pin To Net: NetName=NetR1E-1_2 Pin=R1E-2-1
Added Net: Name=NetR1E-1_2
Added Pin To Net: NetName=NetR1F-1_2 Pin=R1F-1-2
Added Pin To Net: NetName=NetR1F-1_2 Pin=R1F-2-1
Added Net: Name=NetR1F-1_2
Added Pin To Net: NetName=NetR1F-2_2 Pin=R1F-2-2
Added Pin To Net: NetName=NetR1F-2_2 Pin=RbF-2-2
Added Pin To Net: NetName=NetR1F-2_2 Pin=RGF-1-2
Added Pin To Net: NetName=NetR1F-2_2 Pin=U2-8
Added Net: Name=NetR1F-2_2
Added Pin To Net: NetName=NetR2A-1_2 Pin=R2A-1-2
Added Pin To Net: NetName=NetR2A-1_2 Pin=R2A-2-1
Added Net: Name=NetR2A-1_2
Added Pin To Net: NetName=NetR2B-1_2 Pin=R2B-1-2
Added Pin To Net: NetName=NetR2B-1_2 Pin=R2B-2-1
Added Net: Name=NetR2B-1_2
Added Pin To Net: NetName=NetR2C-1_1 Pin=R2C-1-1
Added Pin To Net: NetName=NetR2C-1_1 Pin=R2C-2-2
Added Net: Name=NetR2C-1_1
Added Pin To Net: NetName=NetR2D-1_1 Pin=R2D-1-1
Added Pin To Net: NetName=NetR2D-1_1 Pin=R2D-2-2
Added Net: Name=NetR2D-1_1
Added Pin To Net: NetName=NetR2E-1_1 Pin=R2E-1-1
Added Pin To Net: NetName=NetR2E-1_1 Pin=R2E-2-2
Added Net: Name=NetR2E-1_1
Added Pin To Net: NetName=NetR2F-1_1 Pin=R2F-1-1
Added Pin To Net: NetName=NetR2F-1_1 Pin=R2F-2-2
Added Net: Name=NetR2F-1_1
Added Pin To Net: NetName=NetR3A_2 Pin=R3A-2
Added Pin To Net: NetName=NetR3A_2 Pin=R4A-1-1
Added Pin To Net: NetName=NetR3A_2 Pin=U1-3
Added Net: Name=NetR3A_2
Added Pin To Net: NetName=NetR3B_1 Pin=R3B-1
Added Pin To Net: NetName=NetR3B_1 Pin=R4B-1-1
Added Pin To Net: NetName=NetR3B_1 Pin=U3-3
Added Net: Name=NetR3B_1
Added Pin To Net: NetName=NetR4A-1_2 Pin=R4A-1-2
Added Pin To Net: NetName=NetR4A-1_2 Pin=R4A-2-1
Added Net: Name=NetR4A-1_2
Added Pin To Net: NetName=NetR4B-1_2 Pin=R4B-1-2
Added Pin To Net: NetName=NetR4B-1_2 Pin=R4B-2-1
Added Net: Name=NetR4B-1_2
Added Pin To Net: NetName=NetR5A_1 Pin=R5A-1
Added Pin To Net: NetName=NetR5A_1 Pin=R6A-1
Added Pin To Net: NetName=NetR5A_1 Pin=U1-2
Added Net: Name=NetR5A_1
Added Pin To Net: NetName=NetR5B_1 Pin=R5B-1
Added Pin To Net: NetName=NetR5B_1 Pin=R6B-1
Added Pin To Net: NetName=NetR5B_1 Pin=U3-2
Added Net: Name=NetR5B_1
Added Pin To Net: NetName=NetRaC_2 Pin=RaC-2
Added Pin To Net: NetName=NetRaC_2 Pin=RbC-1-2
Added Pin To Net: NetName=NetRaC_2 Pin=U4-9
Added Net: Name=NetRaC_2
Added Pin To Net: NetName=NetRaD_2 Pin=RaD-2
Added Pin To Net: NetName=NetRaD_2 Pin=RbD-1-2
Added Pin To Net: NetName=NetRaD_2 Pin=U3-9
Added Net: Name=NetRaD_2
Added Pin To Net: NetName=NetRaE_2 Pin=RaE-2
Added Pin To Net: NetName=NetRaE_2 Pin=RbE-1-2
Added Pin To Net: NetName=NetRaE_2 Pin=U3-13
Added Net: Name=NetRaE_2
Added Pin To Net: NetName=NetRaF_2 Pin=RaF-2
Added Pin To Net: NetName=NetRaF_2 Pin=RbF-1-2
Added Pin To Net: NetName=NetRaF_2 Pin=U2-9
Added Net: Name=NetRaF_2
Added Pin To Net: NetName=NetRbD-1_1 Pin=RbD-1-1
Added Pin To Net: NetName=NetRbD-1_1 Pin=RbD-2-1
Added Net: Name=NetRbD-1_1
Added Pin To Net: NetName=NetRbE-1_1 Pin=RbE-1-1
Added Pin To Net: NetName=NetRbE-1_1 Pin=RbE-2-1
Added Net: Name=NetRbE-1_1
Added Pin To Net: NetName=NetRbF-1_1 Pin=RbF-1-1
Added Pin To Net: NetName=NetRbF-1_1 Pin=RbF-2-1
Added Net: Name=NetRbF-1_1
Added Pin To Net: NetName=NetRGA-1_2 Pin=RGA-1-2
Added Pin To Net: NetName=NetRGA-1_2 Pin=RGA-2-2
Added Pin To Net: NetName=NetRGA-1_2 Pin=U2-5
Added Net: Name=NetRGA-1_2
Added Pin To Net: NetName=NetRGB-1_2 Pin=RGB-1-2
Added Pin To Net: NetName=NetRGB-1_2 Pin=RGB-2-2
Added Pin To Net: NetName=NetRGB-1_2 Pin=U4-5
Added Net: Name=NetRGB-1_2
Added Pin To Net: NetName=NetRGC-1_2 Pin=RGC-1-2
Added Pin To Net: NetName=NetRGC-1_2 Pin=RGC-2-2
Added Pin To Net: NetName=NetRGC-1_2 Pin=U4-12
Added Net: Name=NetRGC-1_2
Added Pin To Net: NetName=NetU1_8 Pin=U1-8
Added Pin To Net: NetName=NetU1_8 Pin=U1-9
Added Net: Name=NetU1_8
Added Pin To Net: NetName=NetU1_13 Pin=U1-13
Added Pin To Net: NetName=NetU1_13 Pin=U1-14
Added Net: Name=NetU1_13
Added Pin To Net: NetName=SK4-SK5 Pin=JD-1
Added Pin To Net: NetName=SK4-SK5 Pin=JD-CON-2
Added Pin To Net: NetName=SK4-SK5 Pin=R1D-2-2
Added Pin To Net: NetName=SK4-SK5 Pin=RbD-2-2
Added Pin To Net: NetName=SK4-SK5 Pin=U3-8
Added Net: Name=SK4-SK5
Added Pin To Net: NetName=VCC Pin=C1-1
Added Pin To Net: NetName=VCC Pin=C2-1
Added Pin To Net: NetName=VCC Pin=C3-1
Added Pin To Net: NetName=VCC Pin=C4-1
Added Pin To Net: NetName=VCC Pin=J3-3
Added Pin To Net: NetName=VCC Pin=U1-4
Added Pin To Net: NetName=VCC Pin=U2-4
Added Pin To Net: NetName=VCC Pin=U3-4
Added Pin To Net: NetName=VCC Pin=U4-4
Added Net: Name=VCC
Added Pin To Net: NetName=VEE Pin=C5-1
Added Pin To Net: NetName=VEE Pin=C6-1
Added Pin To Net: NetName=VEE Pin=C7-1
Added Pin To Net: NetName=VEE Pin=C8-1
Added Pin To Net: NetName=VEE Pin=J3-1
Added Pin To Net: NetName=VEE Pin=U1-11
Added Pin To Net: NetName=VEE Pin=U2-11
Added Pin To Net: NetName=VEE Pin=U3-11
Added Pin To Net: NetName=VEE Pin=U4-11
Added Net: Name=VEE
Added Pin To Net: NetName=VHP1 Pin=R1A-1-1
Added Pin To Net: NetName=VHP1 Pin=R6A-2
Added Pin To Net: NetName=VHP1 Pin=RGA-1-1
Added Pin To Net: NetName=VHP1 Pin=U1-1
Added Net: Name=VHP1
Added Pin To Net: NetName=VHP2 Pin=R1B-1-1
Added Pin To Net: NetName=VHP2 Pin=R6B-2
Added Pin To Net: NetName=VHP2 Pin=RGB-1-1
Added Pin To Net: NetName=VHP2 Pin=U3-1
Added Net: Name=VHP2
