Added Component: Designator=CB1(CAP200)
Added Component: Designator=CB2(CAP200)
Added Component: Designator=CH1(CAP200)
Added Component: Designator=CH2(CAP200)
Added Component: Designator=CL1A(CAP200)
Added Component: Designator=CL1B(CAP200)
Added Component: Designator=CL2(CAP200)
Added Component: Designator=J1(MOLEX3)
Added Component: Designator=J2(MOLEX2)
Added Component: Designator=J3(MOLEX2)
Added Component: Designator=R1(RES400)
Added Component: Designator=R2(RES400)
Added Component: Designator=R3(RES400)
Added Component: Designator=R4(POTENCIOMETRO)
Added Component: Designator=R5(POTENCIOMETRO)
Added Component: Designator=R6(POTENCIOMETRO)
Added Component: Designator=R7(RES400)
Added Component: Designator=R8(RES400)
Added Component: Designator=R9(RES400)
Added Component: Designator=R10(RES400)
Added Component: Designator=R11(RES400)
Added Component: Designator=R12(RES400)
Added Component: Designator=R13(RES400)
Added Component: Designator=R14(RES400)
Added Component: Designator=R15(RES400)
Added Component: Designator=R16(RES400)
Added Component: Designator=R17(RES400)
Added Component: Designator=R18(RES400)
Added Component: Designator=R19(RES400)
Added Component: Designator=U1(DIP8)
Added Component: Designator=U2(DIP8)
Added Pin To Net: NetName=+12 Pin=J1-1
Added Pin To Net: NetName=+12 Pin=U1-8
Added Pin To Net: NetName=+12 Pin=U2-8
Added Net: Name=+12
Added Pin To Net: NetName=-12 Pin=J1-3
Added Pin To Net: NetName=-12 Pin=U1-4
Added Pin To Net: NetName=-12 Pin=U2-4
Added Net: Name=-12
Added Pin To Net: NetName=GND Pin=J1-2
Added Pin To Net: NetName=GND Pin=J2-1
Added Pin To Net: NetName=GND Pin=J3-1
Added Pin To Net: NetName=GND Pin=U1-3
Added Pin To Net: NetName=GND Pin=U1-5
Added Pin To Net: NetName=GND Pin=U2-3
Added Pin To Net: NetName=GND Pin=U2-5
Added Net: Name=GND
Added Pin To Net: NetName=NetCB1_1 Pin=CB1-1
Added Pin To Net: NetName=NetCB1_1 Pin=R2-1
Added Pin To Net: NetName=NetCB1_1 Pin=R5-1
Added Net: Name=NetCB1_1
Added Pin To Net: NetName=NetCB1_2 Pin=CB1-2
Added Pin To Net: NetName=NetCB1_2 Pin=R5-3
Added Pin To Net: NetName=NetCB1_2 Pin=R11-2
Added Net: Name=NetCB1_2
Added Pin To Net: NetName=NetCB2_1 Pin=CB2-1
Added Pin To Net: NetName=NetCB2_1 Pin=R5-2
Added Net: Name=NetCB2_1
Added Pin To Net: NetName=NetCB2_2 Pin=CB2-2
Added Pin To Net: NetName=NetCB2_2 Pin=R8-1
Added Pin To Net: NetName=NetCB2_2 Pin=R14-2
Added Pin To Net: NetName=NetCB2_2 Pin=U1-6
Added Net: Name=NetCB2_2
Added Pin To Net: NetName=NetCH1_1 Pin=CH1-1
Added Pin To Net: NetName=NetCH1_1 Pin=R3-1
Added Pin To Net: NetName=NetCH1_1 Pin=R6-1
Added Net: Name=NetCH1_1
Added Pin To Net: NetName=NetCH1_2 Pin=CH1-2
Added Pin To Net: NetName=NetCH1_2 Pin=R6-3
Added Pin To Net: NetName=NetCH1_2 Pin=R12-2
Added Net: Name=NetCH1_2
Added Pin To Net: NetName=NetCH2_1 Pin=CH2-1
Added Pin To Net: NetName=NetCH2_1 Pin=R6-2
Added Net: Name=NetCH2_1
Added Pin To Net: NetName=NetCH2_2 Pin=CH2-2
Added Pin To Net: NetName=NetCH2_2 Pin=R9-1
Added Pin To Net: NetName=NetCH2_2 Pin=R15-2
Added Pin To Net: NetName=NetCH2_2 Pin=U2-2
Added Net: Name=NetCH2_2
Added Pin To Net: NetName=NetCL1A_1 Pin=CL1A-1
Added Pin To Net: NetName=NetCL1A_1 Pin=CL1B-2
Added Pin To Net: NetName=NetCL1A_1 Pin=R1-1
Added Pin To Net: NetName=NetCL1A_1 Pin=R4-1
Added Net: Name=NetCL1A_1
Added Pin To Net: NetName=NetCL1A_2 Pin=CL1A-2
Added Pin To Net: NetName=NetCL1A_2 Pin=CL1B-1
Added Pin To Net: NetName=NetCL1A_2 Pin=R4-3
Added Pin To Net: NetName=NetCL1A_2 Pin=R10-2
Added Net: Name=NetCL1A_2
Added Pin To Net: NetName=NetCL2_1 Pin=CL2-1
Added Pin To Net: NetName=NetCL2_1 Pin=R4-2
Added Net: Name=NetCL2_1
Added Pin To Net: NetName=NetCL2_2 Pin=CL2-2
Added Pin To Net: NetName=NetCL2_2 Pin=R7-1
Added Pin To Net: NetName=NetCL2_2 Pin=R13-2
Added Pin To Net: NetName=NetCL2_2 Pin=U1-2
Added Net: Name=NetCL2_2
Added Pin To Net: NetName=NetR16_2 Pin=R16-2
Added Pin To Net: NetName=NetR16_2 Pin=R17-1
Added Pin To Net: NetName=NetR16_2 Pin=R18-2
Added Pin To Net: NetName=NetR16_2 Pin=R19-2
Added Pin To Net: NetName=NetR16_2 Pin=U2-6
Added Net: Name=NetR16_2
Added Pin To Net: NetName=V_IN Pin=J2-2
Added Pin To Net: NetName=V_IN Pin=R10-1
Added Pin To Net: NetName=V_IN Pin=R11-1
Added Pin To Net: NetName=V_IN Pin=R12-1
Added Pin To Net: NetName=V_IN Pin=R13-1
Added Pin To Net: NetName=V_IN Pin=R14-1
Added Pin To Net: NetName=V_IN Pin=R15-1
Added Net: Name=V_IN
Added Pin To Net: NetName=VO_BP Pin=R2-2
Added Pin To Net: NetName=VO_BP Pin=R8-2
Added Pin To Net: NetName=VO_BP Pin=R19-1
Added Pin To Net: NetName=VO_BP Pin=U1-7
Added Net: Name=VO_BP
Added Pin To Net: NetName=VO_HP Pin=R3-2
Added Pin To Net: NetName=VO_HP Pin=R9-2
Added Pin To Net: NetName=VO_HP Pin=R18-1
Added Pin To Net: NetName=VO_HP Pin=U2-1
Added Net: Name=VO_HP
Added Pin To Net: NetName=VO_LP Pin=R1-2
Added Pin To Net: NetName=VO_LP Pin=R7-2
Added Pin To Net: NetName=VO_LP Pin=R16-1
Added Pin To Net: NetName=VO_LP Pin=U1-1
Added Net: Name=VO_LP
Added Pin To Net: NetName=VO Pin=J3-2
Added Pin To Net: NetName=VO Pin=R17-2
Added Pin To Net: NetName=VO Pin=U2-7
Added Net: Name=VO
