Added Component: Designator=C1(CAP200)
Added Component: Designator=C2(CAP200)
Added Component: Designator=C3(CAP200)
Added Component: Designator=C4(CAP200)
Added Component: Designator=C5(CAP200)
Added Component: Designator=C6(CAP100RP)
Added Component: Designator=D1(DO41)
Added Component: Designator=D2(DO41)
Added Component: Designator=J1(BORNERA2)
Added Component: Designator=J2(SIP2)
Added Component: Designator=J3(SIP2)
Added Component: Designator=J4(MOLEX2)
Added Component: Designator=J5(MOLEX2)
Added Component: Designator=J6(JUMPER2)
Added Component: Designator=J7(JUMPER3)
Added Component: Designator=R1(RES400)
Added Component: Designator=R2(RES400)
Added Component: Designator=R3(RES400)
Added Component: Designator=R4(RES400)
Added Component: Designator=R5(RES400)
Added Component: Designator=R6(RES400)
Added Component: Designator=R7(POTENCIOMETRO)
Added Component: Designator=R8(RES400)
Added Component: Designator=TPGND(TPTH)
Added Component: Designator=U1(P008)
Added Pin To Net: NetName=GND Pin=C2-2
Added Pin To Net: NetName=GND Pin=C4-2
Added Pin To Net: NetName=GND Pin=C5-2
Added Pin To Net: NetName=GND Pin=C6-2
Added Pin To Net: NetName=GND Pin=D1-2
Added Pin To Net: NetName=GND Pin=D2-1
Added Pin To Net: NetName=GND Pin=J1-1
Added Pin To Net: NetName=GND Pin=J4-1
Added Pin To Net: NetName=GND Pin=J5-2
Added Pin To Net: NetName=GND Pin=R2-1
Added Pin To Net: NetName=GND Pin=R7-3
Added Pin To Net: NetName=GND Pin=R8-2
Added Pin To Net: NetName=GND Pin=TPGND-1
Added Pin To Net: NetName=GND Pin=U1-4
Added Net: Name=GND
Added Pin To Net: NetName=NetC1_1 Pin=C1-1
Added Pin To Net: NetName=NetC1_1 Pin=R1-1
Added Pin To Net: NetName=NetC1_1 Pin=R2-2
Added Pin To Net: NetName=NetC1_1 Pin=U1-3
Added Net: Name=NetC1_1
Added Pin To Net: NetName=NetC1_2 Pin=C1-2
Added Pin To Net: NetName=NetC1_2 Pin=J7-2
Added Pin To Net: NetName=NetC1_2 Pin=R8-1
Added Net: Name=NetC1_2
Added Pin To Net: NetName=NetC2_1 Pin=C2-1
Added Pin To Net: NetName=NetC2_1 Pin=R3-1
Added Net: Name=NetC2_1
Added Pin To Net: NetName=NetC3_1 Pin=C3-1
Added Pin To Net: NetName=NetC3_1 Pin=R4-2
Added Pin To Net: NetName=NetC3_1 Pin=U1-1
Added Net: Name=NetC3_1
Added Pin To Net: NetName=NetC3_2 Pin=C3-2
Added Pin To Net: NetName=NetC3_2 Pin=R5-1
Added Net: Name=NetC3_2
Added Pin To Net: NetName=NetC4_1 Pin=C4-1
Added Pin To Net: NetName=NetC4_1 Pin=R6-2
Added Pin To Net: NetName=NetC4_1 Pin=R7-1
Added Net: Name=NetC4_1
Added Pin To Net: NetName=NetD1_1 Pin=D1-1
Added Pin To Net: NetName=NetD1_1 Pin=D2-2
Added Pin To Net: NetName=NetD1_1 Pin=J6-1
Added Net: Name=NetD1_1
Added Pin To Net: NetName=NetJ3_1 Pin=J3-1
Added Pin To Net: NetName=NetJ3_1 Pin=J3-2
Added Net: Name=NetJ3_1
Added Pin To Net: NetName=NetJ4_2 Pin=J4-2
Added Pin To Net: NetName=NetJ4_2 Pin=J7-1
Added Net: Name=NetJ4_2
Added Pin To Net: NetName=NetJ5_1 Pin=J5-1
Added Pin To Net: NetName=NetJ5_1 Pin=U1-6
Added Pin To Net: NetName=NetJ5_1 Pin=U1-7
Added Net: Name=NetJ5_1
Added Pin To Net: NetName=NetJ6_2 Pin=J6-2
Added Pin To Net: NetName=NetJ6_2 Pin=R5-2
Added Pin To Net: NetName=NetJ6_2 Pin=R6-1
Added Net: Name=NetJ6_2
Added Pin To Net: NetName=NetR3_2 Pin=R3-2
Added Pin To Net: NetName=NetR3_2 Pin=R4-1
Added Pin To Net: NetName=NetR3_2 Pin=U1-2
Added Net: Name=NetR3_2
Added Pin To Net: NetName=NetR7_2 Pin=R7-2
Added Pin To Net: NetName=NetR7_2 Pin=U1-5
Added Net: Name=NetR7_2
Added Pin To Net: NetName=SIGNAL_IN Pin=J2-1
Added Pin To Net: NetName=SIGNAL_IN Pin=J2-2
Added Pin To Net: NetName=SIGNAL_IN Pin=J7-3
Added Net: Name=SIGNAL_IN
Added Pin To Net: NetName=VCC Pin=C5-1
Added Pin To Net: NetName=VCC Pin=C6-1
Added Pin To Net: NetName=VCC Pin=J1-2
Added Pin To Net: NetName=VCC Pin=R1-2
Added Pin To Net: NetName=VCC Pin=U1-8
Added Net: Name=VCC
Added Class: Name=punto5sq
Added Room: Name=punto5sq
